2026-01-14T22:18:19.882Z expo:telemetry Switching strategy from detached to instant
2026-01-14T22:18:19.918Z expo:telemetry Recording 1 event(s)
2026-01-14T22:18:20.082Z expo:env No environment variables loaded from .env files.
2026-01-14T22:18:20.191Z expo:start:server:devServer Stopping dev server (bundler: metro)
2026-01-14T22:18:20.192Z expo:start:server:devServer Stopped dev server (bundler: metro)
2026-01-14T22:18:20.195Z expo:start:server:metro:router Using app as the root directory for Expo Router.
2026-01-14T22:18:20.410Z expo:metro:config react-native-reanimated package.json: /home/jhonslife/giro-mobile/node_modules/.pnpm/react-native-reanimated@3.16.7_@babel+core@7.28.5_react-native@0.76.9_@babel+core@7.28._21631b623e649641cc26279cb0bd87f1/node_modules/react-native-reanimated/package.json

Expo Metro config:
- Version: 0.19.12
- Extensions: ts, tsx, mjs, js, jsx, json, cjs, scss, sass, css
- React Native: /home/jhonslife/giro-mobile/node_modules/.pnpm/react-native@0.76.9_@babel+core@7.28.5_@babel+preset-env@7.28.5_@babel+core@7.28.5__@types+react@18.3.27_react@18.3.1/node_modules/react-native
- Watch Folders: 
- Node Module Paths: 
- Env Files: .env.production.local,.env.local,.env.production,.env
- Sass: null
- Reanimated: 3.16.7

2026-01-14T22:18:20.626Z expo:metro:withMetroResolvers Appending 7 custom resolvers to Metro config. (has custom resolver: true)
Starting Metro Bundler
warning: Bundler cache is empty, rebuilding (this may take a minute)
2026-01-14T22:18:20.815Z expo:metro:options Disabling lazy bundling for export build
2026-01-14T22:18:22.516Z expo:start:server:metro:multi-platform Enabling alias: react-native-vector-icons -> @expo/vector-icons
2026-01-14T22:18:23.388Z expo:babel:router routerEntry /home/jhonslife/giro-mobile/node_modules/.pnpm/expo-router@4.0.22_b6c8f23924a5fd0778bbda43011e9508/node_modules/expo-router/entry.js /home/jhonslife/giro-mobile/app ../../../../../app
2026-01-14T22:18:26.242Z expo:metro:tsconfig-paths @/hooks/useWebSocket -> /home/jhonslife/giro-mobile/app/hooks/useWebSocket
2026-01-14T22:18:26.242Z expo:metro:tsconfig-paths @/stores/connectionStore -> /home/jhonslife/giro-mobile/app/stores/connectionStore
2026-01-14T22:18:26.302Z expo:metro:tsconfig-paths @/components/ui/Button -> /home/jhonslife/giro-mobile/app/components/ui/Button
2026-01-14T22:18:26.302Z expo:metro:tsconfig-paths @/components/ui/Card -> /home/jhonslife/giro-mobile/app/components/ui/Card
2026-01-14T22:18:26.302Z expo:metro:tsconfig-paths @/components/ui/Modal -> /home/jhonslife/giro-mobile/app/components/ui/Modal
2026-01-14T22:18:26.302Z expo:metro:tsconfig-paths @/components/ui/Toast -> /home/jhonslife/giro-mobile/app/components/ui/Toast
2026-01-14T22:18:26.302Z expo:metro:tsconfig-paths @/hooks/useHaptics -> /home/jhonslife/giro-mobile/app/hooks/useHaptics
2026-01-14T22:18:26.302Z expo:metro:tsconfig-paths @/stores/settingsStore -> /home/jhonslife/giro-mobile/app/stores/settingsStore
2026-01-14T22:18:26.359Z expo:metro:tsconfig-paths @/components/ui/Badge -> /home/jhonslife/giro-mobile/app/components/ui/Badge
2026-01-14T22:18:26.359Z expo:metro:tsconfig-paths @/components/ui/Input -> /home/jhonslife/giro-mobile/app/components/ui/Input
2026-01-14T22:18:26.359Z expo:metro:tsconfig-paths @/components/ui/Loading -> /home/jhonslife/giro-mobile/app/components/ui/Loading
2026-01-14T22:18:26.359Z expo:metro:tsconfig-paths @/lib/utils -> /home/jhonslife/giro-mobile/app/lib/utils
2026-01-14T22:18:26.458Z expo:metro:tsconfig-paths @/stores/productsStore -> /home/jhonslife/giro-mobile/app/stores/productsStore
2026-01-14T22:18:26.524Z expo:metro:tsconfig-paths @/hooks/useInventory -> /home/jhonslife/giro-mobile/app/hooks/useInventory
2026-01-14T22:18:26.602Z expo:metro:tsconfig-paths @/components/ui/Toast -> /home/jhonslife/giro-mobile/app/components/ui/Toast
2026-01-14T22:18:26.602Z expo:metro:tsconfig-paths @/stores/connectionStore -> /home/jhonslife/giro-mobile/app/stores/connectionStore
2026-01-14T22:18:26.621Z expo:metro:tsconfig-paths @/components/ui/Loading -> /home/jhonslife/giro-mobile/app/components/ui/Loading
2026-01-14T22:18:26.621Z expo:metro:tsconfig-paths @/hooks/useWebSocket -> /home/jhonslife/giro-mobile/app/hooks/useWebSocket
2026-01-14T22:18:26.621Z expo:metro:tsconfig-paths @/stores/connectionStore -> /home/jhonslife/giro-mobile/app/stores/connectionStore
2026-01-14T22:18:26.697Z expo:metro:tsconfig-paths @/components/ui/Button -> /home/jhonslife/giro-mobile/app/components/ui/Button
2026-01-14T22:18:26.697Z expo:metro:tsconfig-paths @/components/ui/Card -> /home/jhonslife/giro-mobile/app/components/ui/Card
2026-01-14T22:18:26.697Z expo:metro:tsconfig-paths @/hooks/useDiscovery -> /home/jhonslife/giro-mobile/app/hooks/useDiscovery
2026-01-14T22:18:26.735Z expo:metro:tsconfig-paths @/components/ui/Button -> /home/jhonslife/giro-mobile/app/components/ui/Button
2026-01-14T22:18:26.735Z expo:metro:tsconfig-paths @/hooks/useHaptics -> /home/jhonslife/giro-mobile/app/hooks/useHaptics
2026-01-14T22:18:26.735Z expo:metro:tsconfig-paths @/lib/utils -> /home/jhonslife/giro-mobile/app/lib/utils
2026-01-14T22:18:26.753Z expo:metro:tsconfig-paths @/components/ui/Badge -> /home/jhonslife/giro-mobile/app/components/ui/Badge
2026-01-14T22:18:26.753Z expo:metro:tsconfig-paths @/components/ui/Card -> /home/jhonslife/giro-mobile/app/components/ui/Card
2026-01-14T22:18:26.811Z expo:metro:tsconfig-paths @/components/ui/Badge -> /home/jhonslife/giro-mobile/app/components/ui/Badge
2026-01-14T22:18:26.811Z expo:metro:tsconfig-paths @/components/ui/Card -> /home/jhonslife/giro-mobile/app/components/ui/Card
2026-01-14T22:18:26.812Z expo:metro:tsconfig-paths @/lib/utils -> /home/jhonslife/giro-mobile/app/lib/utils
2026-01-14T22:18:26.900Z expo:metro:tsconfig-paths @/components/ui/Button -> /home/jhonslife/giro-mobile/app/components/ui/Button
2026-01-14T22:18:26.900Z expo:metro:tsconfig-paths @/components/ui/Input -> /home/jhonslife/giro-mobile/app/components/ui/Input
2026-01-14T22:18:26.900Z expo:metro:tsconfig-paths @/components/ui/Loading -> /home/jhonslife/giro-mobile/app/components/ui/Loading
2026-01-14T22:18:26.900Z expo:metro:tsconfig-paths @/components/ui/Modal -> /home/jhonslife/giro-mobile/app/components/ui/Modal
2026-01-14T22:18:26.900Z expo:metro:tsconfig-paths @/components/ui/Toast -> /home/jhonslife/giro-mobile/app/components/ui/Toast
2026-01-14T22:18:26.900Z expo:metro:tsconfig-paths @/lib/constants -> /home/jhonslife/giro-mobile/app/lib/constants
2026-01-14T22:18:26.941Z expo:metro:tsconfig-paths @/components/ui/Button -> /home/jhonslife/giro-mobile/app/components/ui/Button
2026-01-14T22:18:26.941Z expo:metro:tsconfig-paths @/components/ui/Loading -> /home/jhonslife/giro-mobile/app/components/ui/Loading
2026-01-14T22:18:26.941Z expo:metro:tsconfig-paths @/hooks/useHaptics -> /home/jhonslife/giro-mobile/app/hooks/useHaptics
2026-01-14T22:18:26.941Z expo:metro:tsconfig-paths @/stores/settingsStore -> /home/jhonslife/giro-mobile/app/stores/settingsStore
2026-01-14T22:18:26.998Z expo:metro:tsconfig-paths @/components/ui/Badge -> /home/jhonslife/giro-mobile/app/components/ui/Badge
2026-01-14T22:18:26.999Z expo:metro:tsconfig-paths @/components/ui/Card -> /home/jhonslife/giro-mobile/app/components/ui/Card
2026-01-14T22:18:26.999Z expo:metro:tsconfig-paths @/lib/utils -> /home/jhonslife/giro-mobile/app/lib/utils
2026-01-14T22:18:27.013Z expo:metro:tsconfig-paths @lib/utils -> /home/jhonslife/giro-mobile/app/lib/utils
2026-01-14T22:18:27.034Z expo:metro:tsconfig-paths @hooks/useHaptics -> /home/jhonslife/giro-mobile/app/hooks/useHaptics
2026-01-14T22:18:27.183Z expo:metro:tsconfig-paths @/components/ui/Button -> /home/jhonslife/giro-mobile/app/components/ui/Button
2026-01-14T22:18:27.183Z expo:metro:tsconfig-paths @/components/ui/Card -> /home/jhonslife/giro-mobile/app/components/ui/Card
2026-01-14T22:18:27.184Z expo:metro:tsconfig-paths @/components/ui/Loading -> /home/jhonslife/giro-mobile/app/components/ui/Loading
2026-01-14T22:18:27.184Z expo:metro:tsconfig-paths @/hooks/useConnection -> /home/jhonslife/giro-mobile/app/hooks/useConnection
2026-01-14T22:18:27.184Z expo:metro:tsconfig-paths @/hooks/useDiscovery -> /home/jhonslife/giro-mobile/app/hooks/useDiscovery
2026-01-14T22:18:27.212Z expo:metro:tsconfig-paths @lib/utils -> /home/jhonslife/giro-mobile/app/lib/utils
2026-01-14T22:18:27.212Z expo:metro:tsconfig-paths @stores/connectionStore -> /home/jhonslife/giro-mobile/app/stores/connectionStore
2026-01-14T22:18:27.237Z expo:metro:tsconfig-paths @lib/discovery -> /home/jhonslife/giro-mobile/app/lib/discovery
2026-01-14T22:18:27.256Z expo:metro:tsconfig-paths @stores/settingsStore -> /home/jhonslife/giro-mobile/app/stores/settingsStore
2026-01-14T22:18:27.289Z expo:metro:tsconfig-paths @stores/inventoryStore -> /home/jhonslife/giro-mobile/app/stores/inventoryStore
2026-01-14T22:18:27.332Z expo:metro:tsconfig-paths @stores/productsStore -> /home/jhonslife/giro-mobile/app/stores/productsStore
2026-01-14T22:18:27.367Z expo:metro:tsconfig-paths @lib/constants -> /home/jhonslife/giro-mobile/app/lib/constants
2026-01-14T22:18:27.367Z expo:metro:tsconfig-paths @lib/websocket -> /home/jhonslife/giro-mobile/app/lib/websocket
2026-01-14T22:18:27.535Z expo:metro:tsconfig-paths @/hooks/useHaptics -> /home/jhonslife/giro-mobile/app/hooks/useHaptics
2026-01-14T22:18:27.535Z expo:metro:tsconfig-paths @/hooks/useWebSocket -> /home/jhonslife/giro-mobile/app/hooks/useWebSocket
2026-01-14T22:18:27.550Z expo:metro:tsconfig-paths @lib/constants -> /home/jhonslife/giro-mobile/app/lib/constants
2026-01-14T22:19:09.261Z expo:metro:withMetroResolvers Custom resolver threw: FailedToResolveNameError. (module: @react-native-masked-view/masked-view, platform: android, env: undefined, origin: /home/jhonslife/giro-mobile/node_modules/.pnpm/@react-navigation+elements@2.9.3_@react-navigation+native@7.1.26_react-native@0.76.9_@b_1c6c000deb4138ad2b91e38afe5644d9/node_modules/@react-navigation/elements/lib/module/MaskedViewNative.js)
2026-01-14T22:19:09.261Z expo:metro:withMetroResolvers Custom resolver threw: FailedToResolveNameError. (module: @react-native-masked-view/masked-view, platform: android, env: undefined, origin: /home/jhonslife/giro-mobile/node_modules/.pnpm/@react-navigation+elements@2.9.3_@react-navigation+native@7.1.26_react-native@0.76.9_@b_1c6c000deb4138ad2b91e38afe5644d9/node_modules/@react-navigation/elements/lib/module/MaskedViewNative.js)
2026-01-14T22:19:09.675Z expo:metro-config:serializer:env-var Skipping environment variable inlining in production environment in favor of babel-preset-expo inlining with source maps.
2026-01-14T22:19:09.817Z expo:metro:hermes Running hermesc: /home/jhonslife/giro-mobile/node_modules/.pnpm/react-native@0.76.9_@babel+core@7.28.5_@babel+preset-env@7.28.5_@babel+core@7.28.5__@types+react@18.3.27_react@18.3.1/node_modules/react-native/sdks/hermesc/linux64-bin/hermesc -emit-binary -out /tmp/expo-bundler-0.00007526848829852995-1768429149798/index.hbc /tmp/expo-bundler-0.00007526848829852995-1768429149798/index.js -O
Android Bundled 51373ms node_modules/.pnpm/expo-router@4.0.22_b6c8f23924a5fd0778bbda43011e9508/node_modules/expo-router/entry.js (3191 modules)
2026-01-14T22:19:13.891Z expo:export:exportAssets Assets = [
  {
    "__packager_asset": true,
    "fileSystemLocation": "/home/jhonslife/giro-mobile/node_modules/.pnpm/@react-navigation+elements@2.9.3_@react-navigation+native@7.1.26_react-native@0.76.9_@b_1c6c000deb4138ad2b91e38afe5644d9/node_modules/@react-navigation/elements/lib/module/assets",
    "httpServerLocation": "/assets/node_modules/.pnpm/@react-navigation+elements@2.9.3_@react-navigation+native@7.1.26_react-native@0.76.9_@b_1c6c000deb4138ad2b91e38afe5644d9/node_modules/@react-navigation/elements/lib/module/assets",
    "width": 24,
    "height": 24,
    "scales": [
      1,
      2,
      3,
      4
    ],
    "files": [
      "/home/jhonslife/giro-mobile/node_modules/.pnpm/@react-navigation+elements@2.9.3_@react-navigation+native@7.1.26_react-native@0.76.9_@b_1c6c000deb4138ad2b91e38afe5644d9/node_modules/@react-navigation/elements/lib/module/assets/back-icon@1x.android.png",
      "/home/jhonslife/giro-mobile/node_modules/.pnpm/@react-navigation+elements@2.9.3_@react-navigation+native@7.1.26_react-native@0.76.9_@b_1c6c000deb4138ad2b91e38afe5644d9/node_modules/@react-navigation/elements/lib/module/assets/back-icon@2x.android.png",
      "/home/jhonslife/giro-mobile/node_modules/.pnpm/@react-navigation+elements@2.9.3_@react-navigation+native@7.1.26_react-native@0.76.9_@b_1c6c000deb4138ad2b91e38afe5644d9/node_modules/@react-navigation/elements/lib/module/assets/back-icon@3x.android.png",
      "/home/jhonslife/giro-mobile/node_modules/.pnpm/@react-navigation+elements@2.9.3_@react-navigation+native@7.1.26_react-native@0.76.9_@b_1c6c000deb4138ad2b91e38afe5644d9/node_modules/@react-navigation/elements/lib/module/assets/back-icon@4x.android.png"
    ],
    "hash": "dbc3af23c3cbbe45d326afc1d31c2e92",
    "name": "back-icon",
    "type": "png",
    "fileHashes": [
      "778ffc9fe8773a878e9c30a6304784de",
      "c79c3606a1cf168006ad3979763c7e0c",
      "02bc1fa7c0313217bde2d65ccbff40c9",
      "35ba0eaec5a4f5ed12ca16fabeae451d"
    ]
  },
  {
    "__packager_asset": true,
    "fileSystemLocation": "/home/jhonslife/giro-mobile/node_modules/.pnpm/@react-navigation+elements@2.9.3_@react-navigation+native@7.1.26_react-native@0.76.9_@b_1c6c000deb4138ad2b91e38afe5644d9/node_modules/@react-navigation/elements/lib/module/assets",
    "httpServerLocation": "/assets/node_modules/.pnpm/@react-navigation+elements@2.9.3_@react-navigation+native@7.1.26_react-native@0.76.9_@b_1c6c000deb4138ad2b91e38afe5644d9/node_modules/@react-navigation/elements/lib/module/assets",
    "width": 50,
    "height": 85,
    "scales": [
      1
    ],
    "files": [
      "/home/jhonslife/giro-mobile/node_modules/.pnpm/@react-navigation+elements@2.9.3_@react-navigation+native@7.1.26_react-native@0.76.9_@b_1c6c000deb4138ad2b91e38afe5644d9/node_modules/@react-navigation/elements/lib/module/assets/back-icon-mask.png"
    ],
    "hash": "0a328cd9c1afd0afe8e3b1ec5165b1b4",
    "name": "back-icon-mask",
    "type": "png",
    "fileHashes": [
      "0a328cd9c1afd0afe8e3b1ec5165b1b4"
    ]
  },
  {
    "__packager_asset": true,
    "fileSystemLocation": "/home/jhonslife/giro-mobile/node_modules/.pnpm/@react-navigation+elements@2.9.3_@react-navigation+native@7.1.26_react-native@0.76.9_@b_1c6c000deb4138ad2b91e38afe5644d9/node_modules/@react-navigation/elements/lib/module/assets",
    "httpServerLocation": "/assets/node_modules/.pnpm/@react-navigation+elements@2.9.3_@react-navigation+native@7.1.26_react-native@0.76.9_@b_1c6c000deb4138ad2b91e38afe5644d9/node_modules/@react-navigation/elements/lib/module/assets",
    "width": 64,
    "height": 64,
    "scales": [
      1,
      1,
      2,
      3,
      4
    ],
    "files": [
      "/home/jhonslife/giro-mobile/node_modules/.pnpm/@react-navigation+elements@2.9.3_@react-navigation+native@7.1.26_react-native@0.76.9_@b_1c6c000deb4138ad2b91e38afe5644d9/node_modules/@react-navigation/elements/lib/module/assets/clear-icon.png",
      "/home/jhonslife/giro-mobile/node_modules/.pnpm/@react-navigation+elements@2.9.3_@react-navigation+native@7.1.26_react-native@0.76.9_@b_1c6c000deb4138ad2b91e38afe5644d9/node_modules/@react-navigation/elements/lib/module/assets/clear-icon@1x.png",
      "/home/jhonslife/giro-mobile/node_modules/.pnpm/@react-navigation+elements@2.9.3_@react-navigation+native@7.1.26_react-native@0.76.9_@b_1c6c000deb4138ad2b91e38afe5644d9/node_modules/@react-navigation/elements/lib/module/assets/clear-icon@2x.png",
      "/home/jhonslife/giro-mobile/node_modules/.pnpm/@react-navigation+elements@2.9.3_@react-navigation+native@7.1.26_react-native@0.76.9_@b_1c6c000deb4138ad2b91e38afe5644d9/node_modules/@react-navigation/elements/lib/module/assets/clear-icon@3x.png",
      "/home/jhonslife/giro-mobile/node_modules/.pnpm/@react-navigation+elements@2.9.3_@react-navigation+native@7.1.26_react-native@0.76.9_@b_1c6c000deb4138ad2b91e38afe5644d9/node_modules/@react-navigation/elements/lib/module/assets/clear-icon@4x.png"
    ],
    "hash": "61378328a719f21f093de82dd89ecfb0",
    "name": "clear-icon",
    "type": "png",
    "fileHashes": [
      "3cd68ccdb8938e3711da2e8831b85493",
      "61ca7e64b7d605716c57706cef640b9a",
      "aff2c65b39a296d4f7e96d0f58169170",
      "d8e7601e3df962f83c62371ac14964d8",
      "3cd68ccdb8938e3711da2e8831b85493"
    ]
  },
  {
    "__packager_asset": true,
    "fileSystemLocation": "/home/jhonslife/giro-mobile/node_modules/.pnpm/@react-navigation+elements@2.9.3_@react-navigation+native@7.1.26_react-native@0.76.9_@b_1c6c000deb4138ad2b91e38afe5644d9/node_modules/@react-navigation/elements/lib/module/assets",
    "httpServerLocation": "/assets/node_modules/.pnpm/@react-navigation+elements@2.9.3_@react-navigation+native@7.1.26_react-native@0.76.9_@b_1c6c000deb4138ad2b91e38afe5644d9/node_modules/@react-navigation/elements/lib/module/assets",
    "width": 96,
    "height": 96,
    "scales": [
      1,
      1,
      2,
      3,
      4
    ],
    "files": [
      "/home/jhonslife/giro-mobile/node_modules/.pnpm/@react-navigation+elements@2.9.3_@react-navigation+native@7.1.26_react-native@0.76.9_@b_1c6c000deb4138ad2b91e38afe5644d9/node_modules/@react-navigation/elements/lib/module/assets/close-icon.png",
      "/home/jhonslife/giro-mobile/node_modules/.pnpm/@react-navigation+elements@2.9.3_@react-navigation+native@7.1.26_react-native@0.76.9_@b_1c6c000deb4138ad2b91e38afe5644d9/node_modules/@react-navigation/elements/lib/module/assets/close-icon@1x.png",
      "/home/jhonslife/giro-mobile/node_modules/.pnpm/@react-navigation+elements@2.9.3_@react-navigation+native@7.1.26_react-native@0.76.9_@b_1c6c000deb4138ad2b91e38afe5644d9/node_modules/@react-navigation/elements/lib/module/assets/close-icon@2x.png",
      "/home/jhonslife/giro-mobile/node_modules/.pnpm/@react-navigation+elements@2.9.3_@react-navigation+native@7.1.26_react-native@0.76.9_@b_1c6c000deb4138ad2b91e38afe5644d9/node_modules/@react-navigation/elements/lib/module/assets/close-icon@3x.png",
      "/home/jhonslife/giro-mobile/node_modules/.pnpm/@react-navigation+elements@2.9.3_@react-navigation+native@7.1.26_react-native@0.76.9_@b_1c6c000deb4138ad2b91e38afe5644d9/node_modules/@react-navigation/elements/lib/module/assets/close-icon@4x.png"
    ],
    "hash": "3162e8a244d8f6fbd259e79043e23ce4",
    "name": "close-icon",
    "type": "png",
    "fileHashes": [
      "0747a1317bbe9c6fc340b889ef8ab3ae",
      "d84e297c3b3e49a614248143d53e40ca",
      "1190ab078c57159f4245a328118fcd9a",
      "78c625386b4d0690b421eb0fc78f7b9c",
      "0747a1317bbe9c6fc340b889ef8ab3ae"
    ]
  },
  {
    "__packager_asset": true,
    "fileSystemLocation": "/home/jhonslife/giro-mobile/node_modules/.pnpm/@react-navigation+elements@2.9.3_@react-navigation+native@7.1.26_react-native@0.76.9_@b_1c6c000deb4138ad2b91e38afe5644d9/node_modules/@react-navigation/elements/lib/module/assets",
    "httpServerLocation": "/assets/node_modules/.pnpm/@react-navigation+elements@2.9.3_@react-navigation+native@7.1.26_react-native@0.76.9_@b_1c6c000deb4138ad2b91e38afe5644d9/node_modules/@react-navigation/elements/lib/module/assets",
    "width": 24,
    "height": 24,
    "scales": [
      1,
      2,
      3,
      4
    ],
    "files": [
      "/home/jhonslife/giro-mobile/node_modules/.pnpm/@react-navigation+elements@2.9.3_@react-navigation+native@7.1.26_react-native@0.76.9_@b_1c6c000deb4138ad2b91e38afe5644d9/node_modules/@react-navigation/elements/lib/module/assets/search-icon@1x.android.png",
      "/home/jhonslife/giro-mobile/node_modules/.pnpm/@react-navigation+elements@2.9.3_@react-navigation+native@7.1.26_react-native@0.76.9_@b_1c6c000deb4138ad2b91e38afe5644d9/node_modules/@react-navigation/elements/lib/module/assets/search-icon@2x.android.png",
      "/home/jhonslife/giro-mobile/node_modules/.pnpm/@react-navigation+elements@2.9.3_@react-navigation+native@7.1.26_react-native@0.76.9_@b_1c6c000deb4138ad2b91e38afe5644d9/node_modules/@react-navigation/elements/lib/module/assets/search-icon@3x.android.png",
      "/home/jhonslife/giro-mobile/node_modules/.pnpm/@react-navigation+elements@2.9.3_@react-navigation+native@7.1.26_react-native@0.76.9_@b_1c6c000deb4138ad2b91e38afe5644d9/node_modules/@react-navigation/elements/lib/module/assets/search-icon@4x.android.png"
    ],
    "hash": "940453dc5cbfaa96cf907b3aa7791ece",
    "name": "search-icon",
    "type": "png",
    "fileHashes": [
      "4403c6117ec30c859bc95d70ce4a71d3",
      "069d99eb1fa6712c0b9034a58c6b57dd",
      "c3273c9e5321f20d1e42c2efae2578c4",
      "286d67d3f74808a60a78d3ebf1a5fb57"
    ]
  },
  {
    "__packager_asset": true,
    "fileSystemLocation": "/home/jhonslife/giro-mobile/node_modules/.pnpm/expo-router@4.0.22_b6c8f23924a5fd0778bbda43011e9508/node_modules/expo-router/assets",
    "httpServerLocation": "/assets/node_modules/.pnpm/expo-router@4.0.22_b6c8f23924a5fd0778bbda43011e9508/node_modules/expo-router/assets",
    "width": 48,
    "height": 48,
    "scales": [
      1
    ],
    "files": [
      "/home/jhonslife/giro-mobile/node_modules/.pnpm/expo-router@4.0.22_b6c8f23924a5fd0778bbda43011e9508/node_modules/expo-router/assets/error.png"
    ],
    "hash": "d1ea1496f9057eb392d5bbf3732a61b7",
    "name": "error",
    "type": "png",
    "fileHashes": [
      "d1ea1496f9057eb392d5bbf3732a61b7"
    ]
  },
  {
    "__packager_asset": true,
    "fileSystemLocation": "/home/jhonslife/giro-mobile/node_modules/.pnpm/expo-router@4.0.22_b6c8f23924a5fd0778bbda43011e9508/node_modules/expo-router/assets",
    "httpServerLocation": "/assets/node_modules/.pnpm/expo-router@4.0.22_b6c8f23924a5fd0778bbda43011e9508/node_modules/expo-router/assets",
    "width": 48,
    "height": 48,
    "scales": [
      1
    ],
    "files": [
      "/home/jhonslife/giro-mobile/node_modules/.pnpm/expo-router@4.0.22_b6c8f23924a5fd0778bbda43011e9508/node_modules/expo-router/assets/file.png"
    ],
    "hash": "19eeb73b9593a38f8e9f418337fc7d10",
    "name": "file",
    "type": "png",
    "fileHashes": [
      "19eeb73b9593a38f8e9f418337fc7d10"
    ]
  },
  {
    "__packager_asset": true,
    "fileSystemLocation": "/home/jhonslife/giro-mobile/node_modules/.pnpm/expo-router@4.0.22_b6c8f23924a5fd0778bbda43011e9508/node_modules/expo-router/assets",
    "httpServerLocation": "/assets/node_modules/.pnpm/expo-router@4.0.22_b6c8f23924a5fd0778bbda43011e9508/node_modules/expo-router/assets",
    "width": 48,
    "height": 48,
    "scales": [
      1
    ],
    "files": [
      "/home/jhonslife/giro-mobile/node_modules/.pnpm/expo-router@4.0.22_b6c8f23924a5fd0778bbda43011e9508/node_modules/expo-router/assets/pkg.png"
    ],
    "hash": "ab19f4cbc543357183a20571f68380a3",
    "name": "pkg",
    "type": "png",
    "fileHashes": [
      "ab19f4cbc543357183a20571f68380a3"
    ]
  },
  {
    "__packager_asset": true,
    "fileSystemLocation": "/home/jhonslife/giro-mobile/node_modules/.pnpm/expo-router@4.0.22_b6c8f23924a5fd0778bbda43011e9508/node_modules/expo-router/assets",
    "httpServerLocation": "/assets/node_modules/.pnpm/expo-router@4.0.22_b6c8f23924a5fd0778bbda43011e9508/node_modules/expo-router/assets",
    "width": 48,
    "height": 48,
    "scales": [
      1
    ],
    "files": [
      "/home/jhonslife/giro-mobile/node_modules/.pnpm/expo-router@4.0.22_b6c8f23924a5fd0778bbda43011e9508/node_modules/expo-router/assets/forward.png"
    ],
    "hash": "d8b800c443b8972542883e0b9de2bdc6",
    "name": "forward",
    "type": "png",
    "fileHashes": [
      "d8b800c443b8972542883e0b9de2bdc6"
    ]
  },
  {
    "__packager_asset": true,
    "fileSystemLocation": "/home/jhonslife/giro-mobile/node_modules/.pnpm/expo-router@4.0.22_b6c8f23924a5fd0778bbda43011e9508/node_modules/expo-router/assets",
    "httpServerLocation": "/assets/node_modules/.pnpm/expo-router@4.0.22_b6c8f23924a5fd0778bbda43011e9508/node_modules/expo-router/assets",
    "width": 48,
    "height": 48,
    "scales": [
      1
    ],
    "files": [
      "/home/jhonslife/giro-mobile/node_modules/.pnpm/expo-router@4.0.22_b6c8f23924a5fd0778bbda43011e9508/node_modules/expo-router/assets/sitemap.png"
    ],
    "hash": "412dd9275b6b48ad28f5e3d81bb1f626",
    "name": "sitemap",
    "type": "png",
    "fileHashes": [
      "412dd9275b6b48ad28f5e3d81bb1f626"
    ]
  },
  {
    "__packager_asset": true,
    "fileSystemLocation": "/home/jhonslife/giro-mobile/node_modules/.pnpm/expo-router@4.0.22_b6c8f23924a5fd0778bbda43011e9508/node_modules/expo-router/assets",
    "httpServerLocation": "/assets/node_modules/.pnpm/expo-router@4.0.22_b6c8f23924a5fd0778bbda43011e9508/node_modules/expo-router/assets",
    "width": 436,
    "height": 266,
    "scales": [
      1
    ],
    "files": [
      "/home/jhonslife/giro-mobile/node_modules/.pnpm/expo-router@4.0.22_b6c8f23924a5fd0778bbda43011e9508/node_modules/expo-router/assets/unmatched.png"
    ],
    "hash": "20e71bdf79e3a97bf55fd9e164041578",
    "name": "unmatched",
    "type": "png",
    "fileHashes": [
      "20e71bdf79e3a97bf55fd9e164041578"
    ]
  }
]
2026-01-14T22:19:13.893Z expo:start:platforms:android:adbServer Stopping ADB server
2026-01-14T22:19:13.893Z expo:start:platforms:android:adbServer ADB server is not running
2026-01-14T22:19:13.893Z expo:start:server:devServer Stopping dev server (bundler: metro)
2026-01-14T22:19:13.893Z expo:start:server:devServer Stopped dev server (bundler: metro)

› Assets (23):
node_modules/.pnpm/@react-navigation+elements@2.9.3_@react-navigation+native@7.1.26_react-native@0.76.9_@b_1c6c000deb4138ad2b91e38afe5644d9/node_modules/@react-navigation/elements/lib/module/assets/back-icon-mask.png (653 B)
node_modules/.pnpm/@react-navigation+elements@2.9.3_@react-navigation+native@7.1.26_react-native@0.76.9_@b_1c6c000deb4138ad2b91e38afe5644d9/node_modules/@react-navigation/elements/lib/module/assets/back-icon.png (4 variations | 152 B)
node_modules/.pnpm/@react-navigation+elements@2.9.3_@react-navigation+native@7.1.26_react-native@0.76.9_@b_1c6c000deb4138ad2b91e38afe5644d9/node_modules/@react-navigation/elements/lib/module/assets/clear-icon.png (4 variations | 425 B)
node_modules/.pnpm/@react-navigation+elements@2.9.3_@react-navigation+native@7.1.26_react-native@0.76.9_@b_1c6c000deb4138ad2b91e38afe5644d9/node_modules/@react-navigation/elements/lib/module/assets/close-icon.png (4 variations | 235 B)
node_modules/.pnpm/@react-navigation+elements@2.9.3_@react-navigation+native@7.1.26_react-native@0.76.9_@b_1c6c000deb4138ad2b91e38afe5644d9/node_modules/@react-navigation/elements/lib/module/assets/search-icon.png (4 variations | 599 B)
node_modules/.pnpm/expo-router@4.0.22_b6c8f23924a5fd0778bbda43011e9508/node_modules/expo-router/assets/error.png (469 B)
node_modules/.pnpm/expo-router@4.0.22_b6c8f23924a5fd0778bbda43011e9508/node_modules/expo-router/assets/file.png (138 B)
node_modules/.pnpm/expo-router@4.0.22_b6c8f23924a5fd0778bbda43011e9508/node_modules/expo-router/assets/forward.png (188 B)
node_modules/.pnpm/expo-router@4.0.22_b6c8f23924a5fd0778bbda43011e9508/node_modules/expo-router/assets/pkg.png (364 B)
node_modules/.pnpm/expo-router@4.0.22_b6c8f23924a5fd0778bbda43011e9508/node_modules/expo-router/assets/sitemap.png (465 B)
node_modules/.pnpm/expo-router@4.0.22_b6c8f23924a5fd0778bbda43011e9508/node_modules/expo-router/assets/unmatched.png (4.75 kB)

› android bundles (1):
_expo/static/js/android/entry-49c07304932ce8bfcc68299bba5dbf0d.hbc (6.72 MB)

› Files (1):
metadata.json (1.72 kB)

Exported: dist
2026-01-14T22:19:13.916Z expo:utils:exit process is trying to exit, but is stuck on unexpected active resources: [
  'CloseReq', 'Timeout', 'Timeout',
  'Timeout',  'Timeout', 'Timeout',
  'Timeout',  'Timeout', 'Timeout',
  'Timeout',  'Timeout', 'Timeout',
  'Timeout',  'Timeout', 'Timeout',
  'Timeout',  'Timeout', 'Timeout',
  'Timeout',  'Timeout', 'Timeout',
  'Timeout',  'Timeout'
]
2026-01-14T22:19:14.017Z expo:utils:exit process is trying to exit, but is stuck on unexpected active resources: [ 'Timeout' ]
2026-01-14T22:19:14.117Z expo:utils:exit process is trying to exit, but is stuck on unexpected active resources: [ 'Timeout' ]
2026-01-14T22:19:14.217Z expo:utils:exit process is trying to exit, but is stuck on unexpected active resources: [ 'Timeout' ]
2026-01-14T22:19:14.318Z expo:utils:exit process is trying to exit, but is stuck on unexpected active resources: [ 'Timeout' ]
2026-01-14T22:19:14.418Z expo:utils:exit process is trying to exit, but is stuck on unexpected active resources: [ 'Timeout' ]
2026-01-14T22:19:14.519Z expo:utils:exit process is trying to exit, but is stuck on unexpected active resources: [ 'Timeout' ]
2026-01-14T22:19:14.619Z expo:utils:exit process is trying to exit, but is stuck on unexpected active resources: [ 'Timeout' ]
2026-01-14T22:19:14.719Z expo:utils:exit process is trying to exit, but is stuck on unexpected active resources: [ 'Timeout' ]
2026-01-14T22:19:14.820Z expo:utils:exit process is trying to exit, but is stuck on unexpected active resources: [ 'Timeout' ]
2026-01-14T22:19:14.920Z expo:utils:exit no active resources detected, process can safely exit
2026-01-14T22:19:14.921Z expo:telemetry Switching strategy from instant to detached
2026-01-14T22:19:14.921Z expo:telemetry:client:detached No records to flush, skipping...
